<?xml version="1.0" encoding="UTF-8"?>
<!-- Generated by org.testng.reporters.JUnitReportReporter -->
<testsuite skipped="0" hostname="PQA-0591LT" name="tests.e2e.SubTest021" tests="1" failures="0" timestamp="2022-11-04T10:50:16 EDT" time="497.274" errors="0">
  <testcase name="SubTest021TestBusinessCentralProcessing" time="497.274" classname="tests.e2e.SubTest021"/>
  <system-out/>
</testsuite> <!-- tests.e2e.SubTest021 -->
