<?xml version="1.0" encoding="UTF-8"?>
<!-- Generated by org.testng.reporters.JUnitReportReporter -->
<testsuite skipped="0" hostname="PQA-0591LT" name="tests.e2e.SubTest020" tests="1" failures="0" timestamp="2022-11-03T21:46:44 EDT" time="831.283" errors="0">
  <testcase name="SubTest020TestBusinessCentralProcessing" time="831.283" classname="tests.e2e.SubTest020"/>
  <system-out/>
</testsuite> <!-- tests.e2e.SubTest020 -->
