<?xml version="1.0" encoding="UTF-8"?>
<!-- Generated by org.testng.reporters.JUnitReportReporter -->
<testsuite skipped="0" hostname="PQA-0591LT" name="tests.e2e.SubTest024" tests="1" failures="0" timestamp="2022-11-06T20:24:53 EST" time="488.311" errors="0">
  <testcase name="SubTest024TestBusinessCentralProcessing" time="488.311" classname="tests.e2e.SubTest024"/>
  <system-out/>
</testsuite> <!-- tests.e2e.SubTest024 -->
