<?xml version="1.0" encoding="UTF-8"?>
<!-- Generated by org.testng.reporters.JUnitReportReporter -->
<testsuite skipped="0" hostname="PQA-0591LT" name="tests.e2e.SubTest010" tests="1" failures="0" timestamp="2022-11-01T00:03:28 EDT" time="181.371" errors="0">
  <testcase name="SubTest010TestBusinessCentralProcessing" time="181.371" classname="tests.e2e.SubTest010"/>
  <system-out/>
</testsuite> <!-- tests.e2e.SubTest010 -->
