<?xml version="1.0" encoding="UTF-8"?>
<!-- Generated by org.testng.reporters.JUnitReportReporter -->
<testsuite skipped="0" hostname="PQA-0591LT" name="tests.e2e.SubTest022" tests="1" failures="0" timestamp="2022-11-06T12:02:09 EST" time="535.077" errors="0">
  <testcase name="SubTest022TestBusinessCentralProcessing" time="535.077" classname="tests.e2e.SubTest022"/>
  <system-out/>
</testsuite> <!-- tests.e2e.SubTest022 -->
