<?xml version="1.0" encoding="UTF-8"?>
<!-- Generated by org.testng.reporters.JUnitReportReporter -->
<testsuite skipped="0" hostname="PQA-0591LT" name="tests.e2e.MicaseDataSetup" tests="1" failures="0" timestamp="2023-05-13T00:05:34 EDT" time="3.955" errors="0">
  <testcase name="SubTestMiCaseSetup" time="3.955" classname="tests.e2e.MicaseDataSetup"/>
  <system-out/>
</testsuite> <!-- tests.e2e.MicaseDataSetup -->
