<?xml version="1.0" encoding="UTF-8"?>
<!-- Generated by org.testng.reporters.JUnitReportReporter -->
<testsuite skipped="0" hostname="PQA-0591LT" name="tests.e2e.SubTest017" tests="1" failures="0" timestamp="2022-11-03T19:48:57 EDT" time="493.845" errors="0">
  <testcase name="SubTest017TestBusinessCentralProcessing" time="493.845" classname="tests.e2e.SubTest017"/>
  <system-out/>
</testsuite> <!-- tests.e2e.SubTest017 -->
