<?xml version="1.0" encoding="UTF-8"?>
<!-- Generated by org.testng.reporters.JUnitReportReporter -->
<testsuite skipped="0" hostname="PQA-0591LT" name="tests.e2e.SubTest006" tests="1" failures="0" timestamp="2022-10-27T15:08:45 EDT" time="49.198" errors="0">
  <testcase name="SubTest006TestBusinessCentralProcessing" time="49.198" classname="tests.e2e.SubTest006"/>
  <system-out/>
</testsuite> <!-- tests.e2e.SubTest006 -->
