<?xml version="1.0" encoding="UTF-8"?>
<!-- Generated by org.testng.reporters.JUnitReportReporter -->
<testsuite skipped="0" hostname="PQA-0591LT" name="tests.e2e.SubTest019" tests="1" failures="0" timestamp="2022-11-03T20:49:48 EDT" time="805.638" errors="0">
  <testcase name="SubTest019TestBusinessCentralProcessing" time="805.638" classname="tests.e2e.SubTest019"/>
  <system-out/>
</testsuite> <!-- tests.e2e.SubTest019 -->
