<?xml version="1.0" encoding="UTF-8"?>
<!-- Generated by org.testng.reporters.JUnitReportReporter -->
<testsuite skipped="0" hostname="PQA-0591LT" name="tests.e2e.SubTest002" tests="1" failures="0" timestamp="2022-10-27T14:31:02 EDT" time="227.916" errors="0">
  <testcase name="SubTest002TestBusinessCentralProcessing" time="227.916" classname="tests.e2e.SubTest002"/>
  <system-out/>
</testsuite> <!-- tests.e2e.SubTest002 -->
