<?xml version="1.0" encoding="UTF-8"?>
<!-- Generated by org.testng.reporters.JUnitReportReporter -->
<testsuite skipped="0" hostname="PQA-0591LT" name="tests.e2e.SubTest011" tests="1" failures="0" timestamp="2022-11-03T01:42:18 EDT" time="672.713" errors="0">
  <testcase name="SubTest011TestBusinessCentralProcessing" time="672.713" classname="tests.e2e.SubTest011"/>
  <system-out/>
</testsuite> <!-- tests.e2e.SubTest011 -->
