<?xml version="1.0" encoding="UTF-8"?>
<!-- Generated by org.testng.reporters.JUnitReportReporter -->
<testsuite skipped="0" hostname="PQA-0591LT" name="tests.e2e.SubTest003" tests="1" failures="0" timestamp="2022-10-31T16:38:34 EDT" time="202.915" errors="0">
  <testcase name="SubTest003TestBusinessCentralProcessing" time="202.915" classname="tests.e2e.SubTest003"/>
  <system-out/>
</testsuite> <!-- tests.e2e.SubTest003 -->
