<?xml version="1.0" encoding="UTF-8"?>
<!-- Generated by org.testng.reporters.JUnitReportReporter -->
<testsuite skipped="0" hostname="PQA-0591LT" name="tests.e2e.DataSetup" tests="1" failures="0" timestamp="2023-05-18T09:52:54 EDT" time="19.937" errors="0">
  <testcase name="TestDataSetup" time="19.937" classname="tests.e2e.DataSetup"/>
  <system-out/>
</testsuite> <!-- tests.e2e.DataSetup -->
