<?xml version="1.0" encoding="UTF-8"?>
<!-- Generated by org.testng.reporters.JUnitReportReporter -->
<testsuite skipped="0" hostname="PQA-0591LT" name="tests.e2e.SubTest001" tests="1" failures="0" timestamp="2022-10-25T15:50:05 EDT" time="214.509" errors="0">
  <testcase name="SubTest001TestBusinessCentralProcessing" time="214.509" classname="tests.e2e.SubTest001"/>
  <system-out/>
</testsuite> <!-- tests.e2e.SubTest001 -->
