<?xml version="1.0" encoding="UTF-8"?>
<!-- Generated by org.testng.reporters.JUnitReportReporter -->
<testsuite skipped="0" hostname="PQA-0591LT" name="tests.e2e.DeleteData" tests="1" failures="0" timestamp="2023-05-23T10:12:25 EDT" time="10.329" errors="0">
  <testcase name="DestroyData" time="10.329" classname="tests.e2e.DeleteData"/>
  <system-out/>
</testsuite> <!-- tests.e2e.DeleteData -->
