<?xml version="1.0" encoding="UTF-8"?>
<!-- Generated by org.testng.reporters.JUnitReportReporter -->
<testsuite skipped="0" hostname="PQA-0591LT" name="tests.e2e.SubTest018" tests="1" failures="0" timestamp="2022-11-03T20:27:24 EDT" time="487.164" errors="0">
  <testcase name="SubTest018TestBusinessCentralProcessing" time="487.164" classname="tests.e2e.SubTest018"/>
  <system-out/>
</testsuite> <!-- tests.e2e.SubTest018 -->
