<?xml version="1.0" encoding="UTF-8"?>
<!-- Generated by org.testng.reporters.JUnitReportReporter -->
<testsuite skipped="0" hostname="PQA-0591LT" name="tests.e2e.SubTest015" tests="1" failures="0" timestamp="2022-11-03T18:03:57 EDT" time="911.788" errors="0">
  <testcase name="SubTest015TestBusinessCentralProcessing" time="911.788" classname="tests.e2e.SubTest015"/>
  <system-out/>
</testsuite> <!-- tests.e2e.SubTest015 -->
