<?xml version="1.0" encoding="UTF-8"?>
<!-- Generated by org.testng.reporters.JUnitReportReporter -->
<testsuite skipped="0" hostname="PQA-0591LT" name="tests.e2e.SubTest023" tests="1" failures="0" timestamp="2022-11-06T19:46:36 EST" time="492.103" errors="0">
  <testcase name="SubTest023TestBusinessCentralProcessing" time="492.103" classname="tests.e2e.SubTest023"/>
  <system-out/>
</testsuite> <!-- tests.e2e.SubTest023 -->
