<?xml version="1.0" encoding="UTF-8"?>
<!-- Generated by org.testng.reporters.JUnitReportReporter -->
<testsuite skipped="0" hostname="PQA-0591LT" name="tests.e2e.SubTest028" tests="1" failures="0" timestamp="2022-11-17T01:26:37 EST" time="146.185" errors="0">
  <testcase name="SubTest028TestBusinessCentralProcessing" time="146.185" classname="tests.e2e.SubTest028"/>
  <system-out/>
</testsuite> <!-- tests.e2e.SubTest028 -->
