<?xml version="1.0" encoding="UTF-8"?>
<!-- Generated by org.testng.reporters.JUnitReportReporter -->
<testsuite skipped="0" hostname="PQA-0591LT" name="tests.e2e.SubTest004" tests="1" failures="0" timestamp="2022-11-25T11:33:34 EST" time="326.484" errors="0">
  <testcase name="SubTest004TestBusinessCentralProcessing" time="326.484" classname="tests.e2e.SubTest004"/>
  <system-out/>
</testsuite> <!-- tests.e2e.SubTest004 -->
