<?xml version="1.0" encoding="UTF-8"?>
<!-- Generated by org.testng.reporters.JUnitReportReporter -->
<testsuite skipped="0" hostname="PQA-0591LT" name="tests.e2e.SubTest014" tests="1" failures="0" timestamp="2022-11-01T23:12:31 EDT" time="201.529" errors="0">
  <testcase name="SubTest014TestBusinessCentralProcessing" time="201.529" classname="tests.e2e.SubTest014"/>
  <system-out/>
</testsuite> <!-- tests.e2e.SubTest014 -->
