<?xml version="1.0" encoding="UTF-8"?>
<!-- Generated by org.testng.reporters.JUnitReportReporter -->
<testsuite skipped="0" hostname="PQA-0591LT" name="tests.e2e.SubTest005" tests="1" failures="0" timestamp="2022-10-26T22:35:08 EDT" time="47.761" errors="0">
  <testcase name="SubTest005TestBusinessCentralProcessing" time="47.761" classname="tests.e2e.SubTest005"/>
  <system-out/>
</testsuite> <!-- tests.e2e.SubTest005 -->
