<?xml version="1.0" encoding="UTF-8"?>
<!-- Generated by org.testng.reporters.JUnitReportReporter -->
<testsuite skipped="0" hostname="PQA-0591LT" name="tests.e2e.DeleteData" tests="1" failures="0" timestamp="2023-05-23T10:18:01 EDT" time="8.520" errors="0">
  <testcase name="DestroyData" time="8.520" classname="tests.e2e.DeleteData"/>
  <system-out/>
</testsuite> <!-- tests.e2e.DeleteData -->
