<?xml version="1.0" encoding="UTF-8"?>
<!-- Generated by org.testng.reporters.JUnitReportReporter -->
<testsuite skipped="0" hostname="PQA-0591LT" name="tests.e2e.DataSetup" tests="1" failures="0" timestamp="2023-05-14T20:19:30 EDT" time="20.736" errors="0">
  <testcase name="TestDataSetup" time="20.736" classname="tests.e2e.DataSetup"/>
  <system-out/>
</testsuite> <!-- tests.e2e.DataSetup -->
